<?xml version="1.0" encoding="UTF-8"?>
<testsuite xmlns:xsi="http://www.w3.org/2001/XMLSchema-instance" xsi:noNamespaceSchemaLocation="https://maven.apache.org/surefire/maven-surefire-plugin/xsd/surefire-test-report-3.0.xsd" version="3.0" name="test.PersonTest" time="0.372" tests="5" errors="0" skipped="0" failures="0">
  <properties>
[...]
</properties>
  <testcase name="setPostalCode" classname="test.PersonTest" time="0.33">
    <system-out><![CDATA[2024-11-29 11:38:21 [main] DEBUG fr.pompey.dev.afpa.model.Person - Default Person constructor called.
2024-11-29 11:38:21 [main] INFO  fr.pompey.dev.afpa.model.Person - Setting postal code to 54100
2024-11-29 11:38:21 [main] ERROR fr.pompey.dev.afpa.model.Person - Invalid postal code provided: 1234
]]></system-out>
  </testcase>
  <testcase name="setLastname" classname="test.PersonTest" time="0.002">
    <system-out><![CDATA[2024-11-29 11:38:21 [main] DEBUG fr.pompey.dev.afpa.model.Person - Default Person constructor called.
2024-11-29 11:38:21 [main] WARN  fr.pompey.dev.afpa.model.Person - Setting lastname to House
2024-11-29 11:38:21 [main] ERROR fr.pompey.dev.afpa.model.Person - Invalid lastname provided: null
]]></system-out>
  </testcase>
  <testcase name="setPhoneNumber" classname="test.PersonTest" time="0.004">
    <system-out><![CDATA[2024-11-29 11:38:21 [main] DEBUG fr.pompey.dev.afpa.model.Person - Default Person constructor called.
2024-11-29 11:38:21 [main] INFO  fr.pompey.dev.afpa.model.Person - Setting phone number to 0123456789
2024-11-29 11:38:21 [main] ERROR fr.pompey.dev.afpa.model.Person - Invalid phone number provided: 1234
]]></system-out>
  </testcase>
  <testcase name="setEmail" classname="test.PersonTest" time="0.002">
    <system-out><![CDATA[2024-11-29 11:38:21 [main] DEBUG fr.pompey.dev.afpa.model.Person - Default Person constructor called.
2024-11-29 11:38:21 [main] INFO  fr.pompey.dev.afpa.model.Person - Setting email to example@example.com
2024-11-29 11:38:21 [main] ERROR fr.pompey.dev.afpa.model.Person - Invalid email provided: invalid-email
]]></system-out>
  </testcase>
  <testcase name="setFirstname" classname="test.PersonTest" time="0.003">
    <system-out><![CDATA[2024-11-29 11:38:21 [main] DEBUG fr.pompey.dev.afpa.model.Person - Default Person constructor called.
2024-11-29 11:38:21 [main] INFO  fr.pompey.dev.afpa.model.Person - Setting firstname to Matt
2024-11-29 11:38:21 [main] ERROR fr.pompey.dev.afpa.model.Person - Invalid firstname provided: null
]]></system-out>
  </testcase>
</testsuite>